# JRE version: Java(TM) SE Runtime Environment (17.0.10+11) (build 17.0.10+11-LTS-240)
# Java VM: Java HotSpot(TM) 64-Bit Server VM (17.0.10+11-LTS-240, mixed mode, sharing, tiered, compressed oops, compressed class ptrs, g1 gc, windows-amd64)
GC Precious Log:
 CPUs: 8 total, 8 available
 Memory: 16167M
 Large Page Support: Disabled
 NUMA Support: Disabled
 Compressed Oops: Enabled (Zero based)
 Heap Region Size: 2M
 Heap Min Capacity: 8M
 Heap Initial Capacity: 254M
 Heap Max Capacity: 4042M
 Pre-touch: Disabled
 Parallel Workers: 8
 Concurrent Workers: 2
 Concurrent Refinement Workers: 8
 Periodic GC: Disabled
Heap:
 garbage-first heap   total 90112K, used 30487K [0x0000000703600000, 0x0000000800000000)
  region size 2048K, 3 young (6144K), 1 survivors (2048K)
 Metaspace       used 67735K, committed 68352K, reserved 1114112K
  class space    used 9305K, committed 9600K, reserved 1048576K
GC Heap History (20 events):
Event: 2.746 GC heap before
{Heap before GC invocations=5 (full 0):
 garbage-first heap   total 61440K, used 18491K [0x0000000703600000, 0x0000000800000000)
  region size 2048K, 3 young (6144K), 2 survivors (4096K)
 Metaspace       used 26026K, committed 26432K, reserved 1114112K
  class space    used 3324K, committed 3520K, reserved 1048576K
}
Event: 2.750 GC heap after
{Heap after GC invocations=6 (full 0):
 garbage-first heap   total 61440K, used 16631K [0x0000000703600000, 0x0000000800000000)
  region size 2048K, 1 young (2048K), 1 survivors (2048K)
 Metaspace       used 26026K, committed 26432K, reserved 1114112K
  class space    used 3324K, committed 3520K, reserved 1048576K
}
Event: 3.281 GC heap before
{Heap before GC invocations=6 (full 0):
 garbage-first heap   total 61440K, used 39159K [0x0000000703600000, 0x0000000800000000)
  region size 2048K, 12 young (24576K), 1 survivors (2048K)
 Metaspace       used 29363K, committed 29824K, reserved 1114112K
  class space    used 3741K, committed 3968K, reserved 1048576K
}
Event: 3.284 GC heap after
{Heap after GC invocations=7 (full 0):
 garbage-first heap   total 61440K, used 17949K [0x0000000703600000, 0x0000000800000000)
  region size 2048K, 1 young (2048K), 1 survivors (2048K)
 Metaspace       used 29363K, committed 29824K, reserved 1114112K
  class space    used 3741K, committed 3968K, reserved 1048576K
}
Event: 3.928 GC heap before
{Heap before GC invocations=7 (full 0):
 garbage-first heap   total 61440K, used 42525K [0x0000000703600000, 0x0000000800000000)
  region size 2048K, 13 young (26624K), 1 survivors (2048K)
 Metaspace       used 35376K, committed 35776K, reserved 1114112K
  class space    used 4686K, committed 4864K, reserved 1048576K
}
Event: 3.931 GC heap after
{Heap after GC invocations=8 (full 0):
 garbage-first heap   total 61440K, used 19069K [0x0000000703600000, 0x0000000800000000)
  region size 2048K, 2 young (4096K), 2 survivors (4096K)
 Metaspace       used 35376K, committed 35776K, reserved 1114112K
  class space    used 4686K, committed 4864K, reserved 1048576K
}
Event: 3.963 GC heap before
{Heap before GC invocations=8 (full 0):
 garbage-first heap   total 61440K, used 19069K [0x0000000703600000, 0x0000000800000000)
  region size 2048K, 3 young (6144K), 2 survivors (4096K)
 Metaspace       used 35704K, committed 36096K, reserved 1114112K
  class space    used 4750K, committed 4928K, reserved 1048576K
}
Event: 3.966 GC heap after
{Heap after GC invocations=9 (full 0):
 garbage-first heap   total 61440K, used 19444K [0x0000000703600000, 0x0000000800000000)
  region size 2048K, 1 young (2048K), 1 survivors (2048K)
 Metaspace       used 35704K, committed 36096K, reserved 1114112K
  class space    used 4750K, committed 4928K, reserved 1048576K
}
Event: 4.443 GC heap before
{Heap before GC invocations=10 (full 0):
 garbage-first heap   total 61440K, used 44020K [0x0000000703600000, 0x0000000800000000)
  region size 2048K, 14 young (28672K), 1 survivors (2048K)
 Metaspace       used 43358K, committed 43776K, reserved 1114112K
  class space    used 5748K, committed 5952K, reserved 1048576K
}
Event: 4.446 GC heap after
{Heap after GC invocations=11 (full 0):
 garbage-first heap   total 61440K, used 20885K [0x0000000703600000, 0x0000000800000000)
  region size 2048K, 2 young (4096K), 2 survivors (4096K)
 Metaspace       used 43358K, committed 43776K, reserved 1114112K
  class space    used 5748K, committed 5952K, reserved 1048576K
}
Event: 4.495 GC heap before
{Heap before GC invocations=11 (full 0):
 garbage-first heap   total 61440K, used 22933K [0x0000000703600000, 0x0000000800000000)
  region size 2048K, 3 young (6144K), 2 survivors (4096K)
 Metaspace       used 43956K, committed 44416K, reserved 1114112K
  class space    used 5818K, committed 6080K, reserved 1048576K
}
Event: 4.498 GC heap after
{Heap after GC invocations=12 (full 0):
 garbage-first heap   total 61440K, used 20739K [0x0000000703600000, 0x0000000800000000)
  region size 2048K, 1 young (2048K), 1 survivors (2048K)
 Metaspace       used 43956K, committed 44416K, reserved 1114112K
  class space    used 5818K, committed 6080K, reserved 1048576K
}
Event: 4.864 GC heap before
{Heap before GC invocations=12 (full 0):
 garbage-first heap   total 61440K, used 43267K [0x0000000703600000, 0x0000000800000000)
  region size 2048K, 13 young (26624K), 1 survivors (2048K)
 Metaspace       used 51081K, committed 51584K, reserved 1114112K
  class space    used 6880K, committed 7104K, reserved 1048576K
}
Event: 4.865 GC heap after
{Heap after GC invocations=13 (full 0):
 garbage-first heap   total 161792K, used 21550K [0x0000000703600000, 0x0000000800000000)
  region size 2048K, 1 young (2048K), 1 survivors (2048K)
 Metaspace       used 51081K, committed 51584K, reserved 1114112K
  class space    used 6880K, committed 7104K, reserved 1048576K
}
Event: 5.738 GC heap before
{Heap before GC invocations=13 (full 0):
 garbage-first heap   total 161792K, used 64558K [0x0000000703600000, 0x0000000800000000)
  region size 2048K, 23 young (47104K), 1 survivors (2048K)
 Metaspace       used 60064K, committed 60608K, reserved 1114112K
  class space    used 8200K, committed 8448K, reserved 1048576K
}
Event: 5.742 GC heap after
{Heap after GC invocations=14 (full 0):
 garbage-first heap   total 161792K, used 24407K [0x0000000703600000, 0x0000000800000000)
  region size 2048K, 2 young (4096K), 2 survivors (4096K)
 Metaspace       used 60064K, committed 60608K, reserved 1114112K
  class space    used 8200K, committed 8448K, reserved 1048576K
}
Event: 33.301 GC heap before
{Heap before GC invocations=15 (full 0):
 garbage-first heap   total 90112K, used 73559K [0x0000000703600000, 0x0000000800000000)
  region size 2048K, 26 young (53248K), 2 survivors (4096K)
 Metaspace       used 66613K, committed 67200K, reserved 1114112K
  class space    used 9156K, committed 9408K, reserved 1048576K
}
Event: 33.313 GC heap after
{Heap after GC invocations=16 (full 0):
 garbage-first heap   total 90112K, used 27819K [0x0000000703600000, 0x0000000800000000)
  region size 2048K, 4 young (8192K), 4 survivors (8192K)
 Metaspace       used 66613K, committed 67200K, reserved 1114112K
  class space    used 9156K, committed 9408K, reserved 1048576K
}
Event: 34.400 GC heap before
{Heap before GC invocations=16 (full 0):
 garbage-first heap   total 90112K, used 29867K [0x0000000703600000, 0x0000000800000000)
  region size 2048K, 5 young (10240K), 4 survivors (8192K)
 Metaspace       used 67175K, committed 67840K, reserved 1114112K
  class space    used 9227K, committed 9536K, reserved 1048576K
}
Event: 34.406 GC heap after
{Heap after GC invocations=17 (full 0):
 garbage-first heap   total 90112K, used 28439K [0x0000000703600000, 0x0000000800000000)
  region size 2048K, 1 young (2048K), 1 survivors (2048K)
 Metaspace       used 67175K, committed 67840K, reserved 1114112K
  class space    used 9227K, committed 9536K, reserved 1048576K
}

